<?xml version="1.0" encoding="UTF-8"?>
<!-- Generated by org.testng.reporters.JUnitReportReporter -->
<testsuite hostname="DESKTOP-RB5FE0V" failures="0" tests="2" name="com.mystore.testcases.HomepageTest" time="57.175" errors="0" timestamp="2022-06-27T11:43:24 IST" skipped="0">
  <testcase classname="com.mystore.testcases.HomepageTest" name="OrderHistoryTest" time="35.916"/>
  <system-out/>
  <testcase classname="com.mystore.testcases.HomepageTest" name="WishlistTest" time="21.259"/>
  <system-out/>
</testsuite> <!-- com.mystore.testcases.HomepageTest -->
