<?xml version="1.0" encoding="UTF-8"?>
<!-- Generated by org.testng.reporters.JUnitReportReporter -->
<testsuite hostname="DESKTOP-RB5FE0V" failures="0" tests="1" name="com.ReadExcel.ReadExcel" time="0.723" errors="0" timestamp="2022-06-17T12:01:40 IST" skipped="0">
  <testcase classname="com.ReadExcel.ReadExcel" name="readExcel" time="0.723"/>
  <system-out/>
</testsuite> <!-- com.ReadExcel.ReadExcel -->
