<?xml version="1.0" encoding="UTF-8"?>
<!-- Generated by org.testng.reporters.JUnitReportReporter -->
<testsuite hostname="DESKTOP-RB5FE0V" failures="0" tests="1" name="com.mystore.testcases.LoginPageTest" time="24.682" errors="0" timestamp="2022-06-27T11:51:13 IST" skipped="0">
  <testcase classname="com.mystore.testcases.LoginPageTest" name="verifylogin" time="24.682"/>
  <system-out/>
</testsuite> <!-- com.mystore.testcases.LoginPageTest -->
