<?xml version="1.0" encoding="UTF-8"?>
<!-- Generated by org.testng.reporters.JUnitReportReporter -->
<testsuite hostname="DESKTOP-RB5FE0V" failures="0" tests="1" name="com.mystore.testcases.Natural" time="0.068" errors="0" timestamp="2022-06-25T16:44:27 IST" skipped="0">
  <testcase classname="com.mystore.testcases.Natural" name="naturalN" time="0.068"/>
  <system-out/>
</testsuite> <!-- com.mystore.testcases.Natural -->
