<?xml version="1.0" encoding="UTF-8"?>
<!-- Generated by org.testng.reporters.JUnitReportReporter -->
<testsuite hostname="DESKTOP-RB5FE0V" failures="0" tests="1" name="com.mystore.testcases.SearchResultTest" time="17.229" errors="0" timestamp="2022-06-27T11:43:24 IST" skipped="0">
  <testcase classname="com.mystore.testcases.SearchResultTest" name="productAvailabilityTest" time="17.229"/>
  <system-out/>
</testsuite> <!-- com.mystore.testcases.SearchResultTest -->
